<?xml version="1.0" encoding="UTF-8"?>
<!-- Generated by org.testng.reporters.JUnitReportReporter -->
<testsuite hostname="DOLebedev" name="test.ParameterTest" tests="7" failures="0" timestamp="21 Jul 2015 05:19:14 GMT" time="0.016" errors="2">
  <testcase name="parameterTestOne" time="0.001" classname="test.ParameterTest"/>
  <testcase name="parameterTestThree" time="0.000" classname="test.ParameterTest"/>
  <testcase name="parametertestTwo" time="0.000" classname="test.ParameterTest">
    <error type="org.testng.TestNGException" message="
Parameter &#039;test-two-param&#039; is required by @Test on method parametertestTwo but has not been marked @Optional or defined
in E:\Own_Project\ParameterizationProject\testNG.xml">
      <![CDATA[org.testng.TestNGException: 
Parameter 'test-two-param' is required by @Test on method parametertestTwo but has not been marked @Optional or defined
in E:\Own_Project\ParameterizationProject\testNG.xml
	at org.testng.internal.Parameters.createParameters(Parameters.java:148)
	at org.testng.internal.Parameters.createParameters(Parameters.java:361)
	at org.testng.internal.Parameters.handleParameters(Parameters.java:451)
	at org.testng.internal.Invoker.handleParameters(Invoker.java:1287)
	at org.testng.internal.Invoker.createParameters(Invoker.java:1004)
	at org.testng.internal.Invoker.invokeTestMethods(Invoker.java:1093)
	at org.testng.internal.TestMethodWorker.invokeTestMethods(TestMethodWorker.java:124)
	at org.testng.internal.TestMethodWorker.run(TestMethodWorker.java:108)
	at org.testng.TestRunner.privateRun(TestRunner.java:771)
	at org.testng.TestRunner.run(TestRunner.java:621)
	at org.testng.SuiteRunner.runTest(SuiteRunner.java:357)
	at org.testng.SuiteRunner.runSequentially(SuiteRunner.java:352)
	at org.testng.SuiteRunner.privateRun(SuiteRunner.java:310)
	at org.testng.SuiteRunner.run(SuiteRunner.java:259)
	at org.testng.SuiteRunnerWorker.runSuite(SuiteRunnerWorker.java:52)
	at org.testng.SuiteRunnerWorker.run(SuiteRunnerWorker.java:86)
	at org.testng.TestNG.runSuitesSequentially(TestNG.java:1176)
	at org.testng.TestNG.runSuitesLocally(TestNG.java:1101)
	at org.testng.TestNG.run(TestNG.java:1009)
	at org.testng.remote.RemoteTestNG.run(RemoteTestNG.java:111)
	at org.testng.remote.RemoteTestNG.initAndRun(RemoteTestNG.java:204)
	at org.testng.remote.RemoteTestNG.main(RemoteTestNG.java:175)
]]>
    </error>
  </testcase> <!-- parametertestTwo -->
  <testcase name="parameterTestOne" time="0.001" classname="test.ParameterTest"/>
  <testcase name="parameterTestThree" time="0.000" classname="test.ParameterTest">
    <error type="org.testng.TestNGException" message="
Parameter &#039;test-three-param&#039; is required by @Test on method parameterTestThree but has not been marked @Optional or defined
in E:\Own_Project\ParameterizationProject\testNG.xml">
      <![CDATA[org.testng.TestNGException: 
Parameter 'test-three-param' is required by @Test on method parameterTestThree but has not been marked @Optional or defined
in E:\Own_Project\ParameterizationProject\testNG.xml
	at org.testng.internal.Parameters.createParameters(Parameters.java:148)
	at org.testng.internal.Parameters.createParameters(Parameters.java:361)
	at org.testng.internal.Parameters.handleParameters(Parameters.java:451)
	at org.testng.internal.Invoker.handleParameters(Invoker.java:1287)
	at org.testng.internal.Invoker.createParameters(Invoker.java:1004)
	at org.testng.internal.Invoker.invokeTestMethods(Invoker.java:1093)
	at org.testng.internal.TestMethodWorker.invokeTestMethods(TestMethodWorker.java:124)
	at org.testng.internal.TestMethodWorker.run(TestMethodWorker.java:108)
	at org.testng.TestRunner.privateRun(TestRunner.java:771)
	at org.testng.TestRunner.run(TestRunner.java:621)
	at org.testng.SuiteRunner.runTest(SuiteRunner.java:357)
	at org.testng.SuiteRunner.runSequentially(SuiteRunner.java:352)
	at org.testng.SuiteRunner.privateRun(SuiteRunner.java:310)
	at org.testng.SuiteRunner.run(SuiteRunner.java:259)
	at org.testng.SuiteRunnerWorker.runSuite(SuiteRunnerWorker.java:52)
	at org.testng.SuiteRunnerWorker.run(SuiteRunnerWorker.java:86)
	at org.testng.TestNG.runSuitesSequentially(TestNG.java:1176)
	at org.testng.TestNG.runSuitesLocally(TestNG.java:1101)
	at org.testng.TestNG.run(TestNG.java:1009)
	at org.testng.remote.RemoteTestNG.run(RemoteTestNG.java:111)
	at org.testng.remote.RemoteTestNG.initAndRun(RemoteTestNG.java:204)
	at org.testng.remote.RemoteTestNG.main(RemoteTestNG.java:175)
]]>
    </error>
  </testcase> <!-- parameterTestThree -->
  <testcase name="parametertestTwo" time="0.001" classname="test.ParameterTest"/>
  <testcase name="parameterTestOne" time="0.013" classname="test.ParameterTest"/>
</testsuite> <!-- test.ParameterTest -->
